<?xml version="1.0" encoding="UTF-8" ?>
<testsuite tests="7" failures="0" name="cl.titanium.security.test.services.ActividadMejoraServicioTest" time="2.294" errors="0" skipped="0">
  <properties>
[...]
</properties>
  <testcase classname="cl.titanium.security.test.services.ActividadMejoraServicioTest" name="testModificarActividadMejora" time="0.431"/>
  <testcase classname="cl.titanium.security.test.services.ActividadMejoraServicioTest" name="testObtenerListaAcmCliente" time="0.12"/>
  <testcase classname="cl.titanium.security.test.services.ActividadMejoraServicioTest" name="testIngresarActividadMejora" time="0.546"/>
  <testcase classname="cl.titanium.security.test.services.ActividadMejoraServicioTest" name="testObtenerActividadMejora" time="0.1"/>
  <testcase classname="cl.titanium.security.test.services.ActividadMejoraServicioTest" name="testBorrarActividadMejora" time="0.961"/>
  <testcase classname="cl.titanium.security.test.services.ActividadMejoraServicioTest" name="testObtenerListaAcm" time="0.081"/>
  <testcase classname="cl.titanium.security.test.services.ActividadMejoraServicioTest" name="testObtenerUltimoId" time="0.055"/>
</testsuite>